2024-01-27 15:05:58,386 INFO o.a.j.u.JMeterUtils: Setting Locale to en_EN
2024-01-27 15:05:58,468 INFO o.a.j.JMeter: Loading user properties from: /usr/local/Cellar/jmeter/5.6.3/libexec/bin/user.properties
2024-01-27 15:05:58,483 INFO o.a.j.JMeter: Loading system properties from: /usr/local/Cellar/jmeter/5.6.3/libexec/bin/system.properties
2024-01-27 15:05:58,491 INFO o.a.j.JMeter: Copyright (c) 1998-2024 The Apache Software Foundation
2024-01-27 15:05:58,491 INFO o.a.j.JMeter: Version 5.6.3
2024-01-27 15:05:58,491 INFO o.a.j.JMeter: java.version=21.0.2
2024-01-27 15:05:58,491 INFO o.a.j.JMeter: java.vm.name=OpenJDK 64-Bit Server VM
2024-01-27 15:05:58,491 INFO o.a.j.JMeter: os.name=Mac OS X
2024-01-27 15:05:58,491 INFO o.a.j.JMeter: os.arch=x86_64
2024-01-27 15:05:58,491 INFO o.a.j.JMeter: os.version=14.2.1
2024-01-27 15:05:58,491 INFO o.a.j.JMeter: file.encoding=UTF-8
2024-01-27 15:05:58,491 INFO o.a.j.JMeter: java.awt.headless=null
2024-01-27 15:05:58,492 INFO o.a.j.JMeter: Max memory     =1073741824
2024-01-27 15:05:58,492 INFO o.a.j.JMeter: Available Processors =10
2024-01-27 15:05:58,503 INFO o.a.j.JMeter: Default Locale=English (EN)
2024-01-27 15:05:58,504 INFO o.a.j.JMeter: JMeter  Locale=English (EN)
2024-01-27 15:05:58,504 INFO o.a.j.JMeter: JMeterHome=/usr/local/Cellar/jmeter/5.6.3/libexec
2024-01-27 15:05:58,504 INFO o.a.j.JMeter: user.dir  =/Users/sfitzgerald/IdeaProjects/sdetTechJmeter
2024-01-27 15:05:58,504 INFO o.a.j.JMeter: PWD       =/Users/sfitzgerald/IdeaProjects/sdetTechJmeter
2024-01-27 15:05:58,518 INFO o.a.j.JMeter: IP: 192.168.1.10 Name: MBP-JW6DRY3RXC FullName: 192.168.1.10
2024-01-27 15:05:58,540 INFO o.a.j.JMeter: Loaded icon properties from org/apache/jmeter/images/icon.properties
2024-01-27 15:05:59,440 INFO o.a.j.JMeterGuiLauncher: Setting LAF to: com.github.weisj.darklaf.DarkLaf:com.github.weisj.darklaf.theme.DarculaTheme
2024-01-27 15:06:03,108 INFO o.a.j.r.ClassFinder: Will scan jar /usr/local/Cellar/jmeter/5.6.3/libexec/lib/ext/jmeter-plugins-manager-1.9.jar with filter ExtendsClassFilter [parents=[interface org.apache.jmeter.gui.action.Command], inner=false, contains=null, notContains=null]. Consider exposing JMeter plugins via META-INF/services, and add JMeter-Skip-Class-Scanning=true manifest attribute so JMeter can skip classfile scanning
2024-01-27 15:06:03,309 INFO o.a.j.r.ClassFinder: Will scan jar /usr/local/Cellar/jmeter/5.6.3/libexec/lib/ext/jmeter-plugins-manager-1.9.jar with filter ExtendsClassFilter [parents=[interface org.apache.jmeter.gui.plugin.MenuCreator], inner=false, contains=null, notContains=null]. Consider exposing JMeter plugins via META-INF/services, and add JMeter-Skip-Class-Scanning=true manifest attribute so JMeter can skip classfile scanning
2024-01-27 15:06:03,749 INFO o.j.r.JARSourceHTTP: Found cached repo
2024-01-27 15:06:04,206 INFO o.j.r.PluginManager: Plugins Status: [jpgc-plugins-manager=1.9, jmeter-core=5.6.3, jmeter-ftp=5.6.3, jmeter-http=5.6.3, jmeter-jdbc=5.6.3, jmeter-jms=5.6.3, jmeter-junit=5.6.3, jmeter-java=5.6.3, jmeter-ldap=5.6.3, jmeter-mail=5.6.3, jmeter-mongodb=5.6.3, jmeter-native=5.6.3, jmeter-tcp=5.6.3, jmeter-components=5.6.3]
2024-01-27 15:06:04,219 INFO o.j.r.PluginManagerMenuItem: Plugins Manager has upgrades: [jpgc-plugins-manager]
2024-01-27 15:06:40,691 INFO o.a.j.p.h.s.HTTPSamplerBase: Parser for text/html is org.apache.jmeter.protocol.http.parser.LagartoBasedHtmlParser
2024-01-27 15:06:40,691 INFO o.a.j.p.h.s.HTTPSamplerBase: Parser for application/xhtml+xml is org.apache.jmeter.protocol.http.parser.LagartoBasedHtmlParser
2024-01-27 15:06:40,691 INFO o.a.j.p.h.s.HTTPSamplerBase: Parser for application/xml is org.apache.jmeter.protocol.http.parser.LagartoBasedHtmlParser
2024-01-27 15:06:40,692 INFO o.a.j.p.h.s.HTTPSamplerBase: Parser for text/xml is org.apache.jmeter.protocol.http.parser.LagartoBasedHtmlParser
2024-01-27 15:06:40,692 INFO o.a.j.p.h.s.HTTPSamplerBase: Parser for text/vnd.wap.wml is org.apache.jmeter.protocol.http.parser.RegexpHTMLParser
2024-01-27 15:06:40,692 INFO o.a.j.p.h.s.HTTPSamplerBase: Parser for text/css is org.apache.jmeter.protocol.http.parser.CssParser
2024-01-27 15:10:57,901 INFO o.a.j.s.FileServer: Default base='/Users/sfitzgerald/IdeaProjects/sdetTechJmeter'
2024-01-27 15:10:57,903 INFO o.a.j.s.FileServer: Set new base='/Users/sfitzgerald'
2024-01-27 15:10:58,239 INFO o.a.j.s.SaveService: Testplan (JMX) version: 2.2. Testlog (JTL) version: 2.2
2024-01-27 15:10:58,266 INFO o.a.j.s.SaveService: Using SaveService properties version 5.0
2024-01-27 15:10:58,270 INFO o.a.j.s.SaveService: Using SaveService properties file encoding UTF-8
2024-01-27 15:10:58,626 INFO o.a.j.e.StandardJMeterEngine: Running the test!
2024-01-27 15:10:58,645 INFO o.a.j.s.SampleEvent: List of sample_variables: []
2024-01-27 15:10:58,646 INFO o.a.j.s.SampleEvent: List of sample_variables: []
2024-01-27 15:10:58,647 INFO o.a.j.e.u.CompoundVariable: Note: Function class names must contain the string: '.functions.'
2024-01-27 15:10:58,648 INFO o.a.j.e.u.CompoundVariable: Note: Function class names must not contain the string: '.gui.'
2024-01-27 15:10:58,936 INFO o.a.j.r.ClassFinder: Will scan jar /usr/local/Cellar/jmeter/5.6.3/libexec/lib/ext/jmeter-plugins-manager-1.9.jar with filter ExtendsClassFilter [parents=[interface org.apache.jmeter.functions.Function], inner=false, contains=null, notContains=null]. Consider exposing JMeter plugins via META-INF/services, and add JMeter-Skip-Class-Scanning=true manifest attribute so JMeter can skip classfile scanning
2024-01-27 15:10:58,959 INFO o.a.j.g.u.JMeterMenuBar: setRunning(true, *local*)
2024-01-27 15:10:59,088 INFO o.a.j.e.StandardJMeterEngine: Starting ThreadGroup: 1 : Thread Group
2024-01-27 15:10:59,106 INFO o.a.j.e.StandardJMeterEngine: Starting 5 threads for group Thread Group.
2024-01-27 15:10:59,108 INFO o.a.j.e.StandardJMeterEngine: Thread will continue on error
2024-01-27 15:10:59,112 INFO o.a.j.t.ThreadGroup: Starting thread group... number=1 threads=5 ramp-up=1 delayedStart=false
2024-01-27 15:10:59,327 INFO o.a.j.t.ThreadGroup: Started thread group number 1
2024-01-27 15:10:59,330 INFO o.a.j.e.StandardJMeterEngine: All thread groups have been started
2024-01-27 15:10:59,330 INFO o.a.j.t.JMeterThread: Thread started: Thread Group 1-1
2024-01-27 15:10:59,378 INFO o.a.j.t.JMeterThread: Thread started: Thread Group 1-2
2024-01-27 15:10:59,435 INFO o.a.j.s.SampleResult: Note: Sample TimeStamps are START times
2024-01-27 15:10:59,436 INFO o.a.j.s.SampleResult: sampleresult.default.encoding is set to UTF-8
2024-01-27 15:10:59,436 INFO o.a.j.s.SampleResult: sampleresult.useNanoTime=true
2024-01-27 15:10:59,436 INFO o.a.j.s.SampleResult: sampleresult.nanoThreadSleep=5000
2024-01-27 15:10:59,474 INFO o.a.j.t.JMeterThread: Thread is done: Thread Group 1-1
2024-01-27 15:10:59,475 INFO o.a.j.t.JMeterThread: Thread is done: Thread Group 1-2
2024-01-27 15:10:59,475 INFO o.a.j.t.JMeterThread: Thread finished: Thread Group 1-1
2024-01-27 15:10:59,475 INFO o.a.j.t.JMeterThread: Thread finished: Thread Group 1-2
2024-01-27 15:10:59,577 INFO o.a.j.t.JMeterThread: Thread started: Thread Group 1-3
2024-01-27 15:10:59,584 INFO o.a.j.t.JMeterThread: Thread is done: Thread Group 1-3
2024-01-27 15:10:59,584 INFO o.a.j.t.JMeterThread: Thread finished: Thread Group 1-3
2024-01-27 15:10:59,775 INFO o.a.j.t.JMeterThread: Thread started: Thread Group 1-4
2024-01-27 15:10:59,779 INFO o.a.j.t.JMeterThread: Thread is done: Thread Group 1-4
2024-01-27 15:10:59,780 INFO o.a.j.t.JMeterThread: Thread finished: Thread Group 1-4
2024-01-27 15:10:59,976 INFO o.a.j.t.JMeterThread: Thread started: Thread Group 1-5
2024-01-27 15:10:59,978 INFO o.a.j.t.JMeterThread: Thread is done: Thread Group 1-5
2024-01-27 15:10:59,978 INFO o.a.j.t.JMeterThread: Thread finished: Thread Group 1-5
2024-01-27 15:10:59,978 INFO o.a.j.e.StandardJMeterEngine: Notifying test listeners of end of test
2024-01-27 15:10:59,980 INFO o.a.j.g.u.JMeterMenuBar: setRunning(false, *local*)
2024-01-27 15:11:03,973 INFO o.a.j.e.StandardJMeterEngine: Running the test!
2024-01-27 15:11:03,974 INFO o.a.j.s.SampleEvent: List of sample_variables: []
2024-01-27 15:11:03,978 INFO o.a.j.g.u.JMeterMenuBar: setRunning(true, *local*)
2024-01-27 15:11:04,117 INFO o.a.j.e.StandardJMeterEngine: Starting ThreadGroup: 1 : Thread Group
2024-01-27 15:11:04,148 INFO o.a.j.e.StandardJMeterEngine: Starting 5 threads for group Thread Group.
2024-01-27 15:11:04,151 INFO o.a.j.e.StandardJMeterEngine: Thread will continue on error
2024-01-27 15:11:04,156 INFO o.a.j.t.ThreadGroup: Starting thread group... number=1 threads=5 ramp-up=1 delayedStart=false
2024-01-27 15:11:04,222 INFO o.a.j.t.ThreadGroup: Started thread group number 1
2024-01-27 15:11:04,223 INFO o.a.j.e.StandardJMeterEngine: All thread groups have been started
2024-01-27 15:11:04,224 INFO o.a.j.t.JMeterThread: Thread started: Thread Group 1-1
2024-01-27 15:11:04,266 INFO o.a.j.t.JMeterThread: Thread is done: Thread Group 1-1
2024-01-27 15:11:04,266 INFO o.a.j.t.JMeterThread: Thread finished: Thread Group 1-1
2024-01-27 15:11:04,368 INFO o.a.j.t.JMeterThread: Thread started: Thread Group 1-2
2024-01-27 15:11:04,374 INFO o.a.j.t.JMeterThread: Thread is done: Thread Group 1-2
2024-01-27 15:11:04,374 INFO o.a.j.t.JMeterThread: Thread finished: Thread Group 1-2
2024-01-27 15:11:04,567 INFO o.a.j.t.JMeterThread: Thread started: Thread Group 1-3
2024-01-27 15:11:04,572 INFO o.a.j.t.JMeterThread: Thread is done: Thread Group 1-3
2024-01-27 15:11:04,573 INFO o.a.j.t.JMeterThread: Thread finished: Thread Group 1-3
2024-01-27 15:11:04,766 INFO o.a.j.t.JMeterThread: Thread started: Thread Group 1-4
2024-01-27 15:11:04,768 INFO o.a.j.t.JMeterThread: Thread is done: Thread Group 1-4
2024-01-27 15:11:04,768 INFO o.a.j.t.JMeterThread: Thread finished: Thread Group 1-4
2024-01-27 15:11:04,961 INFO o.a.j.t.JMeterThread: Thread started: Thread Group 1-5
2024-01-27 15:11:04,963 INFO o.a.j.t.JMeterThread: Thread is done: Thread Group 1-5
2024-01-27 15:11:04,964 INFO o.a.j.t.JMeterThread: Thread finished: Thread Group 1-5
2024-01-27 15:11:04,965 INFO o.a.j.e.StandardJMeterEngine: Notifying test listeners of end of test
2024-01-27 15:11:04,967 INFO o.a.j.g.u.JMeterMenuBar: setRunning(false, *local*)
